<?xml version="1.0" encoding="UTF-8"?>
<testsuite name="com.example.web.dao.teacherCourseDAOTest" tests="2" skipped="0" failures="0" errors="0" timestamp="2025-05-12T13:47:10.140Z" hostname="kolmlena-NBLK-WAX9X" time="0.048">
  <properties/>
  <testcase name="testFindByNonExistentTeacher_Id()" classname="com.example.web.dao.teacherCourseDAOTest" time="0.023"/>
  <testcase name="testFindByTeacher_Id()" classname="com.example.web.dao.teacherCourseDAOTest" time="0.022"/>
  <system-out><![CDATA[2025-05-12T16:47:10.126+03:00  INFO 11505 --- [web] [    Test worker] t.c.s.AnnotationConfigContextLoaderUtils : Could not detect default configuration classes for test class [com.example.web.dao.teacherCourseDAOTest]: teacherCourseDAOTest does not declare any static, non-private, non-final, nested classes annotated with @Configuration.
2025-05-12T16:47:10.131+03:00  INFO 11505 --- [web] [    Test worker] .b.t.c.SpringBootTestContextBootstrapper : Found @SpringBootConfiguration com.example.web.WebApplication for test class com.example.web.dao.teacherCourseDAOTest
]]></system-out>
  <system-err><![CDATA[]]></system-err>
</testsuite>
