<?xml version="1.0" encoding="UTF-8"?>
<testsuite name="com.example.web.dao.StreamGroupDAOTest" tests="5" skipped="0" failures="0" errors="0" timestamp="2025-05-12T13:47:09.457Z" hostname="kolmlena-NBLK-WAX9X" time="0.107">
  <properties/>
  <testcase name="testFindAll()" classname="com.example.web.dao.StreamGroupDAOTest" time="0.022"/>
  <testcase name="testFindStreamByNonExistingGroup()" classname="com.example.web.dao.StreamGroupDAOTest" time="0.019"/>
  <testcase name="testFindGroupByNonExistingStream()" classname="com.example.web.dao.StreamGroupDAOTest" time="0.021"/>
  <testcase name="testFindGroupByStream()" classname="com.example.web.dao.StreamGroupDAOTest" time="0.017"/>
  <testcase name="testFindStreamByGroup()" classname="com.example.web.dao.StreamGroupDAOTest" time="0.016"/>
  <system-out><![CDATA[2025-05-12T16:47:09.444+03:00  INFO 11505 --- [web] [    Test worker] t.c.s.AnnotationConfigContextLoaderUtils : Could not detect default configuration classes for test class [com.example.web.dao.StreamGroupDAOTest]: StreamGroupDAOTest does not declare any static, non-private, non-final, nested classes annotated with @Configuration.
2025-05-12T16:47:09.449+03:00  INFO 11505 --- [web] [    Test worker] .b.t.c.SpringBootTestContextBootstrapper : Found @SpringBootConfiguration com.example.web.WebApplication for test class com.example.web.dao.StreamGroupDAOTest
]]></system-out>
  <system-err><![CDATA[]]></system-err>
</testsuite>
