<?xml version="1.0" encoding="UTF-8"?>
<testsuite name="com.example.web.controllers.LessonControllerSystemTest" tests="6" skipped="0" failures="0" errors="0" timestamp="2025-05-18T10:37:41.597Z" hostname="kolmlena-NBLK-WAX9X" time="6.815">
  <properties/>
  <testcase name="FilterLessonsByAuditoriumId()" classname="com.example.web.controllers.LessonControllerSystemTest" time="1.172"/>
  <testcase name="FilterLessonsByTeacherId()" classname="com.example.web.controllers.LessonControllerSystemTest" time="1.143"/>
  <testcase name="ViewAllLessons()" classname="com.example.web.controllers.LessonControllerSystemTest" time="1.124"/>
  <testcase name="FilterLessonsByTimeInterval()" classname="com.example.web.controllers.LessonControllerSystemTest" time="1.152"/>
  <testcase name="FilterLessonsWithInvalidTimeInterval()" classname="com.example.web.controllers.LessonControllerSystemTest" time="1.105"/>
  <testcase name="FilterLessonsByNonExistentTeacherId()" classname="com.example.web.controllers.LessonControllerSystemTest" time="1.115"/>
  <system-out><![CDATA[]]></system-out>
  <system-err><![CDATA[мая 18, 2025 1:37:42 PM org.openqa.selenium.devtools.CdpVersionFinder findNearestMatch
WARNING: Unable to find CDP implementation matching 114
мая 18, 2025 1:37:42 PM org.openqa.selenium.chromium.ChromiumDriver lambda$new$5
WARNING: Unable to find version of CDP to use for 114.0.5735.133. You may need to include a dependency on a specific version of the CDP using something similar to `org.seleniumhq.selenium:selenium-devtools-v86:4.25.0` where the version ("v86") matches the version of the chromium-based browser you're using and the version number of the artifact is the same as Selenium's.
мая 18, 2025 1:37:43 PM org.openqa.selenium.devtools.CdpVersionFinder findNearestMatch
WARNING: Unable to find CDP implementation matching 114
мая 18, 2025 1:37:43 PM org.openqa.selenium.chromium.ChromiumDriver lambda$new$5
WARNING: Unable to find version of CDP to use for 114.0.5735.133. You may need to include a dependency on a specific version of the CDP using something similar to `org.seleniumhq.selenium:selenium-devtools-v86:4.25.0` where the version ("v86") matches the version of the chromium-based browser you're using and the version number of the artifact is the same as Selenium's.
мая 18, 2025 1:37:44 PM org.openqa.selenium.devtools.CdpVersionFinder findNearestMatch
WARNING: Unable to find CDP implementation matching 114
мая 18, 2025 1:37:44 PM org.openqa.selenium.chromium.ChromiumDriver lambda$new$5
WARNING: Unable to find version of CDP to use for 114.0.5735.133. You may need to include a dependency on a specific version of the CDP using something similar to `org.seleniumhq.selenium:selenium-devtools-v86:4.25.0` where the version ("v86") matches the version of the chromium-based browser you're using and the version number of the artifact is the same as Selenium's.
мая 18, 2025 1:37:45 PM org.openqa.selenium.devtools.CdpVersionFinder findNearestMatch
WARNING: Unable to find CDP implementation matching 114
мая 18, 2025 1:37:45 PM org.openqa.selenium.chromium.ChromiumDriver lambda$new$5
WARNING: Unable to find version of CDP to use for 114.0.5735.133. You may need to include a dependency on a specific version of the CDP using something similar to `org.seleniumhq.selenium:selenium-devtools-v86:4.25.0` where the version ("v86") matches the version of the chromium-based browser you're using and the version number of the artifact is the same as Selenium's.
мая 18, 2025 1:37:46 PM org.openqa.selenium.devtools.CdpVersionFinder findNearestMatch
WARNING: Unable to find CDP implementation matching 114
мая 18, 2025 1:37:46 PM org.openqa.selenium.chromium.ChromiumDriver lambda$new$5
WARNING: Unable to find version of CDP to use for 114.0.5735.133. You may need to include a dependency on a specific version of the CDP using something similar to `org.seleniumhq.selenium:selenium-devtools-v86:4.25.0` where the version ("v86") matches the version of the chromium-based browser you're using and the version number of the artifact is the same as Selenium's.
мая 18, 2025 1:37:47 PM org.openqa.selenium.devtools.CdpVersionFinder findNearestMatch
WARNING: Unable to find CDP implementation matching 114
мая 18, 2025 1:37:47 PM org.openqa.selenium.chromium.ChromiumDriver lambda$new$5
WARNING: Unable to find version of CDP to use for 114.0.5735.133. You may need to include a dependency on a specific version of the CDP using something similar to `org.seleniumhq.selenium:selenium-devtools-v86:4.25.0` where the version ("v86") matches the version of the chromium-based browser you're using and the version number of the artifact is the same as Selenium's.
]]></system-err>
</testsuite>
