<?xml version="1.0" encoding="UTF-8"?>
<testsuite name="com.example.web.dao.CourseDAOTest" tests="3" skipped="0" failures="0" errors="0" timestamp="2025-05-10T16:25:04.627Z" hostname="kolmlena-NBLK-WAX9X" time="1.332">
  <properties/>
  <testcase name="testFindByCourse_Id()" classname="com.example.web.dao.CourseDAOTest" time="1.261"/>
  <testcase name="testFindByNonExistingCourse_Id()" classname="com.example.web.dao.CourseDAOTest" time="0.028"/>
  <testcase name="testFindAll()" classname="com.example.web.dao.CourseDAOTest" time="0.038"/>
  <system-out><![CDATA[19:24:55.072 [Test worker] INFO org.springframework.test.context.support.AnnotationConfigContextLoaderUtils -- Could not detect default configuration classes for test class [com.example.web.dao.CourseDAOTest]: CourseDAOTest does not declare any static, non-private, non-final, nested classes annotated with @Configuration.
19:24:55.313 [Test worker] INFO org.springframework.boot.test.context.SpringBootTestContextBootstrapper -- Found @SpringBootConfiguration com.example.web.WebApplication for test class com.example.web.dao.CourseDAOTest

  .   ____          _            __ _ _
 /\\ / ___'_ __ _ _(_)_ __  __ _ \ \ \ \
( ( )\___ | '_ | '_| | '_ \/ _` | \ \ \ \
 \\/  ___)| |_)| | | | | || (_| |  ) ) ) )
  '  |____| .__|_| |_|_| |_\__, | / / / /
 =========|_|==============|___/=/_/_/_/

 :: Spring Boot ::                (v3.4.4)

2025-05-10T19:24:56.220+03:00  INFO 134721 --- [web] [    Test worker] com.example.web.dao.CourseDAOTest        : Starting CourseDAOTest using Java 21.0.6 with PID 134721 (started by kolmlena in /home/kolmlena/IdeaProjects/web)
2025-05-10T19:24:56.224+03:00  INFO 134721 --- [web] [    Test worker] com.example.web.dao.CourseDAOTest        : No active profile set, falling back to 1 default profile: "default"
2025-05-10T19:24:57.482+03:00  INFO 134721 --- [web] [    Test worker] .s.d.r.c.RepositoryConfigurationDelegate : Bootstrapping Spring Data JPA repositories in DEFAULT mode.
2025-05-10T19:24:57.603+03:00  INFO 134721 --- [web] [    Test worker] .s.d.r.c.RepositoryConfigurationDelegate : Finished Spring Data repository scanning in 101 ms. Found 6 JPA repository interfaces.
2025-05-10T19:24:58.389+03:00  INFO 134721 --- [web] [    Test worker] o.hibernate.jpa.internal.util.LogHelper  : HHH000204: Processing PersistenceUnitInfo [name: default]
2025-05-10T19:24:58.495+03:00  INFO 134721 --- [web] [    Test worker] org.hibernate.Version                    : HHH000412: Hibernate ORM core version 6.6.11.Final
2025-05-10T19:24:58.561+03:00  INFO 134721 --- [web] [    Test worker] o.h.c.internal.RegionFactoryInitiator    : HHH000026: Second-level cache disabled
2025-05-10T19:24:59.106+03:00  INFO 134721 --- [web] [    Test worker] o.s.o.j.p.SpringPersistenceUnitInfo      : No LoadTimeWeaver setup: ignoring JPA class transformer
2025-05-10T19:24:59.165+03:00  INFO 134721 --- [web] [    Test worker] com.zaxxer.hikari.HikariDataSource       : HikariPool-1 - Starting...
2025-05-10T19:24:59.891+03:00  INFO 134721 --- [web] [    Test worker] com.zaxxer.hikari.pool.HikariPool        : HikariPool-1 - Added connection org.postgresql.jdbc.PgConnection@380fdcf2
2025-05-10T19:24:59.894+03:00  INFO 134721 --- [web] [    Test worker] com.zaxxer.hikari.HikariDataSource       : HikariPool-1 - Start completed.
2025-05-10T19:24:59.957+03:00  WARN 134721 --- [web] [    Test worker] org.hibernate.orm.deprecation            : HHH90000025: PostgreSQLDialect does not need to be specified explicitly using 'hibernate.dialect' (remove the property setting and it will be selected by default)
2025-05-10T19:24:59.993+03:00  INFO 134721 --- [web] [    Test worker] org.hibernate.orm.connections.pooling    : HHH10001005: Database info:
	Database JDBC URL [Connecting through datasource 'HikariDataSource (HikariPool-1)']
	Database driver: undefined/unknown
	Database version: 14.17
	Autocommit mode: undefined/unknown
	Isolation level: undefined/unknown
	Minimum pool size: undefined/unknown
	Maximum pool size: undefined/unknown
2025-05-10T19:25:01.843+03:00  INFO 134721 --- [web] [    Test worker] o.h.e.t.j.p.i.JtaPlatformInitiator       : HHH000489: No JTA platform available (set 'hibernate.transaction.jta.platform' to enable JTA platform integration)
2025-05-10T19:25:01.849+03:00  INFO 134721 --- [web] [    Test worker] j.LocalContainerEntityManagerFactoryBean : Initialized JPA EntityManagerFactory for persistence unit 'default'
2025-05-10T19:25:02.260+03:00  INFO 134721 --- [web] [    Test worker] o.s.d.j.r.query.QueryEnhancerFactory     : Hibernate is in classpath; If applicable, HQL parser will be used.
2025-05-10T19:25:03.530+03:00  WARN 134721 --- [web] [    Test worker] JpaBaseConfiguration$JpaWebConfiguration : spring.jpa.open-in-view is enabled by default. Therefore, database queries may be performed during view rendering. Explicitly configure spring.jpa.open-in-view to disable this warning
2025-05-10T19:25:04.295+03:00  INFO 134721 --- [web] [    Test worker] r$InitializeUserDetailsManagerConfigurer : Global AuthenticationManager configured with UserDetailsService bean with name inMemoryUserDetailsManager
2025-05-10T19:25:04.598+03:00  INFO 134721 --- [web] [    Test worker] com.example.web.dao.CourseDAOTest        : Started CourseDAOTest in 8.974 seconds (process running for 11.029)
]]></system-out>
  <system-err><![CDATA[Mockito is currently self-attaching to enable the inline-mock-maker. This will no longer work in future releases of the JDK. Please add Mockito as an agent to your build what is described in Mockito's documentation: https://javadoc.io/doc/org.mockito/mockito-core/latest/org/mockito/Mockito.html#0.3
WARNING: A Java agent has been loaded dynamically (/home/kolmlena/.gradle/caches/modules-2/files-2.1/net.bytebuddy/byte-buddy-agent/1.15.11/a38b16385e867f59a641330f0362ebe742788ed8/byte-buddy-agent-1.15.11.jar)
WARNING: If a serviceability tool is in use, please run with -XX:+EnableDynamicAgentLoading to hide this warning
WARNING: If a serviceability tool is not in use, please run with -Djdk.instrument.traceUsage for more information
WARNING: Dynamic loading of agents will be disallowed by default in a future release
]]></system-err>
</testsuite>
