<?xml version="1.0" encoding="UTF-8"?>
<testsuite name="com.example.web.controllers.AuditoriumControllerSystemTest" tests="3" skipped="0" failures="0" errors="0" timestamp="2025-05-18T10:37:32.721Z" hostname="kolmlena-NBLK-WAX9X" time="4.459">
  <properties/>
  <testcase name="AuditoriumPageNotFound()" classname="com.example.web.controllers.AuditoriumControllerSystemTest" time="2.15"/>
  <testcase name="AuditoriumsListPage()" classname="com.example.web.controllers.AuditoriumControllerSystemTest" time="1.207"/>
  <testcase name="AuditoriumPage()" classname="com.example.web.controllers.AuditoriumControllerSystemTest" time="1.099"/>
  <system-out><![CDATA[]]></system-out>
  <system-err><![CDATA[мая 18, 2025 1:37:34 PM org.openqa.selenium.devtools.CdpVersionFinder findNearestMatch
WARNING: Unable to find CDP implementation matching 114
мая 18, 2025 1:37:34 PM org.openqa.selenium.chromium.ChromiumDriver lambda$new$5
WARNING: Unable to find version of CDP to use for 114.0.5735.133. You may need to include a dependency on a specific version of the CDP using something similar to `org.seleniumhq.selenium:selenium-devtools-v86:4.25.0` where the version ("v86") matches the version of the chromium-based browser you're using and the version number of the artifact is the same as Selenium's.
мая 18, 2025 1:37:35 PM org.openqa.selenium.devtools.CdpVersionFinder findNearestMatch
WARNING: Unable to find CDP implementation matching 114
мая 18, 2025 1:37:35 PM org.openqa.selenium.chromium.ChromiumDriver lambda$new$5
WARNING: Unable to find version of CDP to use for 114.0.5735.133. You may need to include a dependency on a specific version of the CDP using something similar to `org.seleniumhq.selenium:selenium-devtools-v86:4.25.0` where the version ("v86") matches the version of the chromium-based browser you're using and the version number of the artifact is the same as Selenium's.
мая 18, 2025 1:37:36 PM org.openqa.selenium.devtools.CdpVersionFinder findNearestMatch
WARNING: Unable to find CDP implementation matching 114
мая 18, 2025 1:37:36 PM org.openqa.selenium.chromium.ChromiumDriver lambda$new$5
WARNING: Unable to find version of CDP to use for 114.0.5735.133. You may need to include a dependency on a specific version of the CDP using something similar to `org.seleniumhq.selenium:selenium-devtools-v86:4.25.0` where the version ("v86") matches the version of the chromium-based browser you're using and the version number of the artifact is the same as Selenium's.
]]></system-err>
</testsuite>
