<?xml version="1.0" encoding="UTF-8"?>
<testsuite name="com.example.web.dao.studentCourseDAOTest" tests="3" skipped="0" failures="0" errors="0" timestamp="2025-05-12T13:47:09.672Z" hostname="kolmlena-NBLK-WAX9X" time="0.14">
  <properties/>
  <testcase name="testFindByNonExistentTeacher_Id()" classname="com.example.web.dao.studentCourseDAOTest" time="0.042"/>
  <testcase name="testDeleteStudentCourseRelation()" classname="com.example.web.dao.studentCourseDAOTest" time="0.061"/>
  <testcase name="testFindByStudent_Id()" classname="com.example.web.dao.studentCourseDAOTest" time="0.031"/>
  <system-out><![CDATA[2025-05-12T16:47:09.656+03:00  INFO 11505 --- [web] [    Test worker] t.c.s.AnnotationConfigContextLoaderUtils : Could not detect default configuration classes for test class [com.example.web.dao.studentCourseDAOTest]: studentCourseDAOTest does not declare any static, non-private, non-final, nested classes annotated with @Configuration.
2025-05-12T16:47:09.661+03:00  INFO 11505 --- [web] [    Test worker] .b.t.c.SpringBootTestContextBootstrapper : Found @SpringBootConfiguration com.example.web.WebApplication for test class com.example.web.dao.studentCourseDAOTest
]]></system-out>
  <system-err><![CDATA[]]></system-err>
</testsuite>
