<?xml version="1.0" encoding="UTF-8"?>
<testsuite name="com.example.web.dao.TeacherDAOTest" tests="3" skipped="0" failures="0" errors="0" timestamp="2025-05-12T13:47:09.580Z" hostname="kolmlena-NBLK-WAX9X" time="0.069">
  <properties/>
  <testcase name="testFindByNonExistingTeacher_Id()" classname="com.example.web.dao.TeacherDAOTest" time="0.019"/>
  <testcase name="testFindAll()" classname="com.example.web.dao.TeacherDAOTest" time="0.02"/>
  <testcase name="testFindByTeacher_Id()" classname="com.example.web.dao.TeacherDAOTest" time="0.025"/>
  <system-out><![CDATA[2025-05-12T16:47:09.571+03:00  INFO 11505 --- [web] [    Test worker] t.c.s.AnnotationConfigContextLoaderUtils : Could not detect default configuration classes for test class [com.example.web.dao.TeacherDAOTest]: TeacherDAOTest does not declare any static, non-private, non-final, nested classes annotated with @Configuration.
2025-05-12T16:47:09.574+03:00  INFO 11505 --- [web] [    Test worker] .b.t.c.SpringBootTestContextBootstrapper : Found @SpringBootConfiguration com.example.web.WebApplication for test class com.example.web.dao.TeacherDAOTest
]]></system-out>
  <system-err><![CDATA[]]></system-err>
</testsuite>
