<?xml version="1.0" encoding="UTF-8"?>
<testsuite name="com.example.web.dao.LessonDAOTest" tests="3" skipped="0" failures="0" errors="0" timestamp="2025-05-12T13:47:09.102Z" hostname="kolmlena-NBLK-WAX9X" time="0.336">
  <properties/>
  <testcase name="testFindAll()" classname="com.example.web.dao.LessonDAOTest" time="0.113"/>
  <testcase name="testGetFreeAuditoriums()" classname="com.example.web.dao.LessonDAOTest" time="0.17"/>
  <testcase name="testGetScheduleByTimeInterval()" classname="com.example.web.dao.LessonDAOTest" time="0.047"/>
  <system-out><![CDATA[2025-05-12T16:47:09.092+03:00  INFO 11505 --- [web] [    Test worker] t.c.s.AnnotationConfigContextLoaderUtils : Could not detect default configuration classes for test class [com.example.web.dao.LessonDAOTest]: LessonDAOTest does not declare any static, non-private, non-final, nested classes annotated with @Configuration.
2025-05-12T16:47:09.096+03:00  INFO 11505 --- [web] [    Test worker] .b.t.c.SpringBootTestContextBootstrapper : Found @SpringBootConfiguration com.example.web.WebApplication for test class com.example.web.dao.LessonDAOTest
]]></system-out>
  <system-err><![CDATA[]]></system-err>
</testsuite>
